#! /c/Source/iverilog-install/bin/vvp
:ivl_version "12.0 (devel)" "(s20150603-1539-g2693dd32b)";
:ivl_delay_selection "TYPICAL";
:vpi_time_precision + 0;
:vpi_module "C:\iverilog\lib\ivl\system.vpi";
:vpi_module "C:\iverilog\lib\ivl\vhdl_sys.vpi";
:vpi_module "C:\iverilog\lib\ivl\vhdl_textio.vpi";
:vpi_module "C:\iverilog\lib\ivl\v2005_math.vpi";
:vpi_module "C:\iverilog\lib\ivl\va_math.vpi";
S_000001dc92acc440 .scope module, "tb" "tb" 2 1;
 .timescale 0 0;
v000001dc92b35490_0 .var "clk", 0 0;
v000001dc92b35210_0 .net "hour", 4 0, v000001dc92a8c9b0_0;  1 drivers
v000001dc92b35030_0 .net "minute", 5 0, v000001dc92ad8020_0;  1 drivers
v000001dc92b353f0_0 .var "rst", 0 0;
v000001dc92b349f0_0 .net "second", 5 0, v000001dc92b35670_0;  1 drivers
S_000001dc92accff0 .scope module, "dut" "Digital_Clock" 2 8, 3 1 0, S_000001dc92acc440;
 .timescale 0 0;
    .port_info 0 /INPUT 1 "clk";
    .port_info 1 /INPUT 1 "rst";
    .port_info 2 /OUTPUT 6 "second";
    .port_info 3 /OUTPUT 6 "minute";
    .port_info 4 /OUTPUT 5 "hour";
P_000001dc92ac5df0 .param/l "CLK_FREQ" 0 3 2, +C4<00000000000000000000000000000010>;
v000001dc92b34c70_0 .net "carry_min", 0 0, v000001dc92ad4e70_0;  1 drivers
v000001dc92b34bd0_0 .net "carry_sec", 0 0, v000001dc92ad82f0_0;  1 drivers
v000001dc92b34950_0 .net "clk", 0 0, v000001dc92b35490_0;  1 drivers
v000001dc92b34d10_0 .net "hour", 4 0, v000001dc92a8c9b0_0;  alias, 1 drivers
v000001dc92b34db0_0 .net "minute", 5 0, v000001dc92ad8020_0;  alias, 1 drivers
v000001dc92b35170_0 .net "rst", 0 0, v000001dc92b353f0_0;  1 drivers
v000001dc92b34e50_0 .net "second", 5 0, v000001dc92b35670_0;  alias, 1 drivers
v000001dc92b350d0_0 .net "tick_1Hz", 0 0, v000001dc92aa36d0_0;  1 drivers
S_000001dc92ae24a0 .scope module, "freq_divider_inst" "freq_divider" 3 13, 4 1 0, S_000001dc92accff0;
 .timescale 0 0;
    .port_info 0 /INPUT 1 "clk";
    .port_info 1 /INPUT 1 "rst";
    .port_info 2 /OUTPUT 1 "tick_1Hz";
P_000001dc92ac5ef0 .param/l "CLK_FREQ" 0 4 2, +C4<00000000000000000000000000000010>;
v000001dc92acd180_0 .net "clk", 0 0, v000001dc92b35490_0;  alias, 1 drivers
v000001dc92a8c500_0 .var "counter", 31 0;
v000001dc92aa32b0_0 .net "rst", 0 0, v000001dc92b353f0_0;  alias, 1 drivers
v000001dc92aa36d0_0 .var "tick_1Hz", 0 0;
E_000001dc92ac5030 .event posedge, v000001dc92acd180_0;
S_000001dc92ae2630 .scope module, "hour_counter_inst" "hour_counter" 3 35, 5 1 0, S_000001dc92accff0;
 .timescale 0 0;
    .port_info 0 /INPUT 1 "clk";
    .port_info 1 /INPUT 1 "rst";
    .port_info 2 /INPUT 1 "carry_min";
    .port_info 3 /OUTPUT 5 "hour";
v000001dc92ae27c0_0 .net "carry_min", 0 0, v000001dc92ad4e70_0;  alias, 1 drivers
v000001dc92ae2860_0 .net "clk", 0 0, v000001dc92b35490_0;  alias, 1 drivers
v000001dc92a8c9b0_0 .var "hour", 4 0;
v000001dc92a8ca50_0 .net "rst", 0 0, v000001dc92b353f0_0;  alias, 1 drivers
S_000001dc92ad4ce0 .scope module, "minute_counter_inst" "minute_counter" 3 27, 6 1 0, S_000001dc92accff0;
 .timescale 0 0;
    .port_info 0 /INPUT 1 "clk";
    .port_info 1 /INPUT 1 "rst";
    .port_info 2 /INPUT 1 "carry_sec";
    .port_info 3 /OUTPUT 6 "minute";
    .port_info 4 /OUTPUT 1 "carry_min";
v000001dc92ad4e70_0 .var "carry_min", 0 0;
v000001dc92ad4f10_0 .net "carry_sec", 0 0, v000001dc92ad82f0_0;  alias, 1 drivers
v000001dc92ad7f80_0 .net "clk", 0 0, v000001dc92b35490_0;  alias, 1 drivers
v000001dc92ad8020_0 .var "minute", 5 0;
v000001dc92ad80c0_0 .net "rst", 0 0, v000001dc92b353f0_0;  alias, 1 drivers
S_000001dc92ad8160 .scope module, "second_counter_inst" "second_counter" 3 19, 7 1 0, S_000001dc92accff0;
 .timescale 0 0;
    .port_info 0 /INPUT 1 "clk";
    .port_info 1 /INPUT 1 "rst";
    .port_info 2 /OUTPUT 1 "carry_sec";
    .port_info 3 /OUTPUT 6 "second";
    .port_info 4 /INPUT 1 "tick_hz";
v000001dc92ad82f0_0 .var "carry_sec", 0 0;
v000001dc92a8cde0_0 .net "clk", 0 0, v000001dc92b35490_0;  alias, 1 drivers
v000001dc92a8ce80_0 .net "rst", 0 0, v000001dc92b353f0_0;  alias, 1 drivers
v000001dc92b35670_0 .var "second", 5 0;
v000001dc92b34f90_0 .net "tick_hz", 0 0, v000001dc92aa36d0_0;  alias, 1 drivers
    .scope S_000001dc92ae24a0;
T_0 ;
    %wait E_000001dc92ac5030;
    %load/vec4 v000001dc92aa32b0_0;
    %flag_set/vec4 8;
    %jmp/0xz  T_0.0, 8;
    %pushi/vec4 0, 0, 32;
    %assign/vec4 v000001dc92a8c500_0, 0;
    %pushi/vec4 0, 0, 1;
    %assign/vec4 v000001dc92aa36d0_0, 0;
    %jmp T_0.1;
T_0.0 ;
    %load/vec4 v000001dc92a8c500_0;
    %cmpi/e 1, 0, 32;
    %jmp/0xz  T_0.2, 4;
    %pushi/vec4 0, 0, 32;
    %assign/vec4 v000001dc92a8c500_0, 0;
    %pushi/vec4 1, 0, 1;
    %assign/vec4 v000001dc92aa36d0_0, 0;
    %jmp T_0.3;
T_0.2 ;
    %load/vec4 v000001dc92a8c500_0;
    %addi 1, 0, 32;
    %assign/vec4 v000001dc92a8c500_0, 0;
    %pushi/vec4 0, 0, 1;
    %assign/vec4 v000001dc92aa36d0_0, 0;
T_0.3 ;
T_0.1 ;
    %jmp T_0;
    .thread T_0;
    .scope S_000001dc92ad8160;
T_1 ;
    %wait E_000001dc92ac5030;
    %load/vec4 v000001dc92a8ce80_0;
    %flag_set/vec4 8;
    %jmp/0xz  T_1.0, 8;
    %pushi/vec4 0, 0, 6;
    %assign/vec4 v000001dc92b35670_0, 0;
    %pushi/vec4 0, 0, 1;
    %assign/vec4 v000001dc92ad82f0_0, 0;
    %jmp T_1.1;
T_1.0 ;
    %load/vec4 v000001dc92b34f90_0;
    %flag_set/vec4 8;
    %jmp/0xz  T_1.2, 8;
    %load/vec4 v000001dc92b35670_0;
    %cmpi/e 59, 0, 6;
    %jmp/0xz  T_1.4, 4;
    %pushi/vec4 0, 0, 6;
    %assign/vec4 v000001dc92b35670_0, 0;
    %pushi/vec4 1, 0, 1;
    %assign/vec4 v000001dc92ad82f0_0, 0;
    %jmp T_1.5;
T_1.4 ;
    %load/vec4 v000001dc92b35670_0;
    %addi 1, 0, 6;
    %assign/vec4 v000001dc92b35670_0, 0;
    %pushi/vec4 0, 0, 1;
    %assign/vec4 v000001dc92ad82f0_0, 0;
T_1.5 ;
    %jmp T_1.3;
T_1.2 ;
    %pushi/vec4 0, 0, 1;
    %assign/vec4 v000001dc92ad82f0_0, 0;
T_1.3 ;
T_1.1 ;
    %jmp T_1;
    .thread T_1;
    .scope S_000001dc92ad4ce0;
T_2 ;
    %wait E_000001dc92ac5030;
    %load/vec4 v000001dc92ad80c0_0;
    %flag_set/vec4 8;
    %jmp/0xz  T_2.0, 8;
    %pushi/vec4 0, 0, 6;
    %assign/vec4 v000001dc92ad8020_0, 0;
    %pushi/vec4 0, 0, 1;
    %assign/vec4 v000001dc92ad4e70_0, 0;
    %jmp T_2.1;
T_2.0 ;
    %load/vec4 v000001dc92ad4f10_0;
    %flag_set/vec4 8;
    %jmp/0xz  T_2.2, 8;
    %load/vec4 v000001dc92ad8020_0;
    %cmpi/e 59, 0, 6;
    %jmp/0xz  T_2.4, 4;
    %pushi/vec4 0, 0, 6;
    %assign/vec4 v000001dc92ad8020_0, 0;
    %pushi/vec4 1, 0, 1;
    %assign/vec4 v000001dc92ad4e70_0, 0;
    %jmp T_2.5;
T_2.4 ;
    %load/vec4 v000001dc92ad8020_0;
    %addi 1, 0, 6;
    %assign/vec4 v000001dc92ad8020_0, 0;
    %pushi/vec4 0, 0, 1;
    %assign/vec4 v000001dc92ad4e70_0, 0;
T_2.5 ;
    %jmp T_2.3;
T_2.2 ;
    %pushi/vec4 0, 0, 1;
    %assign/vec4 v000001dc92ad4e70_0, 0;
T_2.3 ;
T_2.1 ;
    %jmp T_2;
    .thread T_2;
    .scope S_000001dc92ae2630;
T_3 ;
    %wait E_000001dc92ac5030;
    %load/vec4 v000001dc92a8ca50_0;
    %flag_set/vec4 8;
    %jmp/0xz  T_3.0, 8;
    %pushi/vec4 0, 0, 5;
    %assign/vec4 v000001dc92a8c9b0_0, 0;
    %jmp T_3.1;
T_3.0 ;
    %load/vec4 v000001dc92ae27c0_0;
    %flag_set/vec4 8;
    %jmp/0xz  T_3.2, 8;
    %load/vec4 v000001dc92a8c9b0_0;
    %cmpi/e 23, 0, 5;
    %jmp/0xz  T_3.4, 4;
    %pushi/vec4 0, 0, 5;
    %assign/vec4 v000001dc92a8c9b0_0, 0;
    %jmp T_3.5;
T_3.4 ;
    %load/vec4 v000001dc92a8c9b0_0;
    %addi 1, 0, 5;
    %assign/vec4 v000001dc92a8c9b0_0, 0;
T_3.5 ;
T_3.2 ;
T_3.1 ;
    %jmp T_3;
    .thread T_3;
    .scope S_000001dc92acc440;
T_4 ;
    %pushi/vec4 0, 0, 1;
    %store/vec4 v000001dc92b35490_0, 0, 1;
    %end;
    .thread T_4;
    .scope S_000001dc92acc440;
T_5 ;
    %delay 5, 0;
    %load/vec4 v000001dc92b35490_0;
    %inv;
    %store/vec4 v000001dc92b35490_0, 0, 1;
    %jmp T_5;
    .thread T_5;
    .scope S_000001dc92acc440;
T_6 ;
    %pushi/vec4 1, 0, 1;
    %store/vec4 v000001dc92b353f0_0, 0, 1;
    %delay 20, 0;
    %pushi/vec4 0, 0, 1;
    %store/vec4 v000001dc92b353f0_0, 0, 1;
    %delay 140000, 0;
    %vpi_call 2 24 "$finish" {0 0 0};
    %end;
    .thread T_6;
    .scope S_000001dc92acc440;
T_7 ;
    %wait E_000001dc92ac5030;
    %load/vec4 v000001dc92b350d0_0;
    %flag_set/vec4 8;
    %jmp/0xz  T_7.0, 8;
    %vpi_call 2 29 "$display", "%02d:%02d:%02d", v000001dc92b35210_0, v000001dc92b35030_0, v000001dc92b349f0_0 {0 0 0};
T_7.0 ;
    %jmp T_7;
    .thread T_7;
    .scope S_000001dc92acc440;
T_8 ;
    %vpi_call 2 33 "$dumpfile", "Digital_Clock.vcd" {0 0 0};
    %vpi_call 2 34 "$dumpvars", 32'sb00000000000000000000000000000000, S_000001dc92acc440 {0 0 0};
    %end;
    .thread T_8;
# The file index is used to find the file name in the following table.
:file_names 8;
    "N/A";
    "<interactive>";
    "testbench.v";
    "Top.v";
    "Freq.v";
    "Hour.v";
    "Minute.v";
    "Second.v";
